#
# There is insufficient memory for the Java Runtime Environment to continue.
# Native memory allocation (mmap) failed to map 266338304 bytes for G1 virtual space
# Possible reasons:
#   The system is out of physical RAM or swap space
#   The process is running with CompressedOops enabled, and the Java Heap may be blocking the growth of the native heap
# Possible solutions:
#   Reduce memory load on the system
#   Increase physical memory or swap space
#   Check if swap backing store is full
#   Decrease Java heap size (-Xmx/-Xms)
#   Decrease number of Java threads
#   Decrease Java thread stack sizes (-Xss)
#   Set larger code cache with -XX:ReservedCodeCacheSize=
#   JVM is running with Zero Based Compressed Oops mode in which the Java heap is
#     placed in the first 32GB address space. The Java Heap base address is the
#     maximum limit for the native heap growth. Please use -XX:HeapBaseMinAddress
#     to set the Java Heap base and to place the Java Heap above 32GB virtual address.
# This output file may be truncated or incomplete.
#
#  Out of Memory Error (os_windows.cpp:3536), pid=15748, tid=4760
#
# JRE version:  (19.0.2+7) (build )
# Java VM: Java HotSpot(TM) 64-Bit Server VM (19.0.2+7-44, mixed mode, sharing, tiered, compressed oops, compressed class ptrs, g1 gc, windows-amd64)
# No core dump will be written. Minidumps are not enabled by default on client versions of Windows
#

---------------  S U M M A R Y ------------

Command Line: -javaagent:C:\Program Files\JetBrains\IntelliJ IDEA Community Edition 2022.3.2\lib\idea_rt.jar=58040:C:\Program Files\JetBrains\IntelliJ IDEA Community Edition 2022.3.2\bin -Dfile.encoding=UTF-8 -Dsun.stdout.encoding=UTF-8 -Dsun.stderr.encoding=UTF-8 Main

Host: Intel(R) Core(TM) i5-10300H CPU @ 2.50GHz, 8 cores, 15G,  Windows 11 , 64 bit Build 22621 (10.0.22621.1105)
Time: Wed Feb 15 22:52:48 2023 Hora oficial do Brasil elapsed time: 0.010471 seconds (0d 0h 0m 0s)

---------------  T H R E A D  ---------------

Current thread (0x00000248ada98880):  JavaThread "Unknown thread" [_thread_in_vm, id=4760, stack(0x000000e193200000,0x000000e193300000)]

Stack: [0x000000e193200000,0x000000e193300000]
Native frames: (J=compiled Java code, j=interpreted, Vv=VM code, C=native code)
V  [jvm.dll+0x6ee21a]
V  [jvm.dll+0x85765e]
V  [jvm.dll+0x85904e]
V  [jvm.dll+0x859703]
V  [jvm.dll+0x28298f]
V  [jvm.dll+0x6eb009]
V  [jvm.dll+0x6dfbaa]
V  [jvm.dll+0x3573f6]
V  [jvm.dll+0x35ee56]
V  [jvm.dll+0x3b541e]
V  [jvm.dll+0x3b564f]
V  [jvm.dll+0x32c9ea]
V  [jvm.dll+0x32d89e]
V  [jvm.dll+0x821780]
V  [jvm.dll+0x3c2661]
V  [jvm.dll+0x801f51]
V  [jvm.dll+0x44ae8f]
V  [jvm.dll+0x44c811]
C  [jli.dll+0x5287]
C  [ucrtbase.dll+0x29363]
C  [KERNEL32.DLL+0x126bd]
C  [ntdll.dll+0x5dfb8]


---------------  P R O C E S S  ---------------

Threads class SMR info:
_java_thread_list=0x00007ffb99f6d048, length=0, elements={
}

Java Threads: ( => current thread )

Other Threads:
  0x00000248adb09730 WorkerThread "GC Thread#0" [stack: 0x000000e193300000,0x000000e193400000] [id=7748]
  0x00000248adb1a790 ConcurrentGCThread "G1 Main Marker" [stack: 0x000000e193400000,0x000000e193500000] [id=10060]
  0x00000248adb1c970 WorkerThread "G1 Conc#0" [stack: 0x000000e193500000,0x000000e193600000] [id=7772]

[error occurred during error reporting (printing all threads), id 0xc0000005, EXCEPTION_ACCESS_VIOLATION (0xc0000005) at pc=0x00007ffb9972d427]

VM state: not at safepoint (not fully initialized)

VM Mutex/Monitor currently owned by a thread:  ([mutex/lock_event])
[0x00000248ada94910] Heap_lock - owner thread: 0x00000248ada98880

Heap address: 0x0000000702000000, size: 4064 MB, Compressed Oops mode: Zero based, Oop shift amount: 3

CDS archive(s) mapped at: [0x0000000000000000-0x0000000000000000-0x0000000000000000), size 0, SharedBaseAddress: 0x0000000800000000, ArchiveRelocationMode: 0.
Narrow klass base: 0x0000000000000000, Narrow klass shift: 0, Narrow klass range: 0x0

GC Precious Log:
 CardTable entry size: 512
 Card Set container configuration: InlinePtr #cards 4 size 8 Array Of Cards #cards 16 size 48 Howl #buckets 8 coarsen threshold 3686 Howl Bitmap #cards 512 size 80 coarsen threshold 460 Card regions per heap region 1 cards per card region 4096

Heap:
 garbage-first heap   total 0K, used 0K [0x0000000702000000, 0x0000000800000000)
  region size 2048K, 0 young (0K), 0 survivors (0K)

[error occurred during error reporting (printing heap information), id 0xc0000005, EXCEPTION_ACCESS_VIOLATION (0xc0000005) at pc=0x00007ffb99b36649]

GC Heap History (0 events):
No events

Dll operation events (1 events):
Event: 0.007 Loaded shared library C:\Program Files\Java\jdk-19\bin\java.dll

Deoptimization events (0 events):
No events

Classes loaded (0 events):
No events

Classes unloaded (0 events):
No events

Classes redefined (0 events):
No events

Internal exceptions (0 events):
No events

VM Operations (0 events):
No events

Events (0 events):
No events


Dynamic libraries:
0x00007ff652700000 - 0x00007ff652710000 	C:\Program Files\Java\jdk-19\bin\java.exe
0x00007ffc56d10000 - 0x00007ffc56f24000 	C:\WINDOWS\SYSTEM32\ntdll.dll
0x00007ffc55710000 - 0x00007ffc557d3000 	C:\WINDOWS\System32\KERNEL32.DLL
0x00007ffc54280000 - 0x00007ffc5461d000 	C:\WINDOWS\System32\KERNELBASE.dll
0x00007ffc54690000 - 0x00007ffc547a1000 	C:\WINDOWS\System32\ucrtbase.dll
0x00007ffc4f090000 - 0x00007ffc4f0ab000 	C:\Program Files\Java\jdk-19\bin\VCRUNTIME140.dll
0x00007ffc4d110000 - 0x00007ffc4d128000 	C:\Program Files\Java\jdk-19\bin\jli.dll
0x00007ffc55dd0000 - 0x00007ffc55e7e000 	C:\WINDOWS\System32\ADVAPI32.dll
0x00007ffc56a30000 - 0x00007ffc56ad7000 	C:\WINDOWS\System32\msvcrt.dll
0x00007ffc56010000 - 0x00007ffc560b4000 	C:\WINDOWS\System32\sechost.dll
0x00007ffc557f0000 - 0x00007ffc55905000 	C:\WINDOWS\System32\RPCRT4.dll
0x00007ffc55500000 - 0x00007ffc556ad000 	C:\WINDOWS\System32\USER32.dll
0x00007ffc54130000 - 0x00007ffc54156000 	C:\WINDOWS\System32\win32u.dll
0x00007ffc39c90000 - 0x00007ffc39f1e000 	C:\WINDOWS\WinSxS\amd64_microsoft.windows.common-controls_6595b64144ccf1df_6.0.22621.608_none_a9444ca7c10bb01d\COMCTL32.dll
0x00007ffc56980000 - 0x00007ffc569a9000 	C:\WINDOWS\System32\GDI32.dll
0x00007ffc54160000 - 0x00007ffc54272000 	C:\WINDOWS\System32\gdi32full.dll
0x00007ffc547b0000 - 0x00007ffc5484a000 	C:\WINDOWS\System32\msvcp_win.dll
0x00007ffc4de30000 - 0x00007ffc4de3a000 	C:\WINDOWS\SYSTEM32\VERSION.dll
0x00007ffc55d90000 - 0x00007ffc55dc2000 	C:\WINDOWS\System32\IMM32.DLL
0x00007ffc4f080000 - 0x00007ffc4f08c000 	C:\Program Files\Java\jdk-19\bin\vcruntime140_1.dll
0x00007ffc42890000 - 0x00007ffc4291e000 	C:\Program Files\Java\jdk-19\bin\msvcp140.dll
0x00007ffb993f0000 - 0x00007ffb9a0b0000 	C:\Program Files\Java\jdk-19\bin\server\jvm.dll
0x00007ffc50840000 - 0x00007ffc50849000 	C:\WINDOWS\SYSTEM32\WSOCK32.dll
0x00007ffc4d0b0000 - 0x00007ffc4d0e4000 	C:\WINDOWS\SYSTEM32\WINMM.dll
0x00007ffc569b0000 - 0x00007ffc56a21000 	C:\WINDOWS\System32\WS2_32.dll
0x00007ffc53270000 - 0x00007ffc53288000 	C:\WINDOWS\SYSTEM32\kernel.appcore.dll
0x00007ffc4ec60000 - 0x00007ffc4ec6a000 	C:\Program Files\Java\jdk-19\bin\jimage.dll
0x00007ffc51af0000 - 0x00007ffc51d1e000 	C:\WINDOWS\SYSTEM32\DBGHELP.DLL
0x00007ffc55090000 - 0x00007ffc5541a000 	C:\WINDOWS\System32\combase.dll
0x00007ffc55420000 - 0x00007ffc554f7000 	C:\WINDOWS\System32\OLEAUT32.dll
0x00007ffc3d060000 - 0x00007ffc3d092000 	C:\WINDOWS\SYSTEM32\dbgcore.DLL
0x00007ffc549c0000 - 0x00007ffc54a3b000 	C:\WINDOWS\System32\bcryptPrimitives.dll
0x00007ffc4d100000 - 0x00007ffc4d10e000 	C:\Program Files\Java\jdk-19\bin\instrument.dll
0x00007ffc4e9c0000 - 0x00007ffc4e9e6000 	C:\Program Files\Java\jdk-19\bin\java.dll

dbghelp: loaded successfully - version: 4.0.5 - missing functions: none
symbol engine: initialized successfully - sym options: 0x614 - pdb path: .;C:\Program Files\Java\jdk-19\bin;C:\WINDOWS\SYSTEM32;C:\WINDOWS\WinSxS\amd64_microsoft.windows.common-controls_6595b64144ccf1df_6.0.22621.608_none_a9444ca7c10bb01d;C:\Program Files\Java\jdk-19\bin\server

VM Arguments:
jvm_args: -javaagent:C:\Program Files\JetBrains\IntelliJ IDEA Community Edition 2022.3.2\lib\idea_rt.jar=58040:C:\Program Files\JetBrains\IntelliJ IDEA Community Edition 2022.3.2\bin -Dfile.encoding=UTF-8 -Dsun.stdout.encoding=UTF-8 -Dsun.stderr.encoding=UTF-8 
java_command: Main
java_class_path (initial): C:\Users\Felipe Gabriel\IdeaProjects\ConversorDeTemperatura\out\production\ConversorDeTemperatura
Launcher Type: SUN_STANDARD

[Global flags]
     intx CICompilerCount                          = 4                                         {product} {ergonomic}
     uint ConcGCThreads                            = 2                                         {product} {ergonomic}
     uint G1ConcRefinementThreads                  = 8                                         {product} {ergonomic}
   size_t G1HeapRegionSize                         = 2097152                                   {product} {ergonomic}
    uintx GCDrainStackTargetSize                   = 64                                        {product} {ergonomic}
   size_t InitialHeapSize                          = 266338304                                 {product} {ergonomic}
   size_t MarkStackSize                            = 4194304                                   {product} {ergonomic}
   size_t MaxHeapSize                              = 4261412864                                {product} {ergonomic}
   size_t MinHeapDeltaBytes                        = 2097152                                   {product} {ergonomic}
   size_t MinHeapSize                              = 8388608                                   {product} {ergonomic}
    uintx NonNMethodCodeHeapSize                   = 5839372                                {pd product} {ergonomic}
    uintx NonProfiledCodeHeapSize                  = 122909434                              {pd product} {ergonomic}
    uintx ProfiledCodeHeapSize                     = 122909434                              {pd product} {ergonomic}
    uintx ReservedCodeCacheSize                    = 251658240                              {pd product} {ergonomic}
     bool SegmentedCodeCache                       = true                                      {product} {ergonomic}
   size_t SoftMaxHeapSize                          = 4261412864                             {manageable} {ergonomic}
     bool UseCompressedClassPointers               = true                           {product lp64_product} {ergonomic}
     bool UseCompressedOops                        = true                           {product lp64_product} {ergonomic}
     bool UseG1GC                                  = true                                      {product} {ergonomic}
     bool UseLargePagesIndividualAllocation        = false                                  {pd product} {ergonomic}

Logging:
Log output configuration:
 #0: stdout all=warning uptime,level,tags foldmultilines=false
 #1: stderr all=off uptime,level,tags foldmultilines=false

Environment Variables:
PATH=C:\Program Files\Common Files\Oracle\Java\javapath;C:\Windows\system32;C:\Windows;C:\Windows\System32\Wbem;C:\Windows\System32\WindowsPowerShell\v1.0\;C:\Windows\System32\OpenSSH\;C:\Program Files\NVIDIA Corporation\NVIDIA NvDLISR;C:\Program Files (x86)\NVIDIA Corporation\PhysX\Common;C:\Program Files (x86)\dotnet\;C:\Program Files\nodejs\;C:\WINDOWS\system32;C:\WINDOWS;C:\WINDOWS\System32\Wbem;C:\WINDOWS\System32\WindowsPowerShell\v1.0\;C:\WINDOWS\System32\OpenSSH\;C:\ProgramData\UNIVALI\Portugol Studio;C:\Program Files\Git\cmd;C:\Users\Felipe Gabriel\AppData\Local\Microsoft\WindowsApps;;C:\Users\Felipe Gabriel\AppData\Local\Programs\Microsoft VS Code\bin;C:\Users\Felipe Gabriel\AppData\Roaming\npm
USERNAME=Felipe Gabriel
OS=Windows_NT
PROCESSOR_IDENTIFIER=Intel64 Family 6 Model 165 Stepping 2, GenuineIntel
TMP=C:\Users\FELIPE~1\AppData\Local\Temp
TEMP=C:\Users\FELIPE~1\AppData\Local\Temp



---------------  S Y S T E M  ---------------

OS:
 Windows 11 , 64 bit Build 22621 (10.0.22621.1105)
OS uptime: 2 days 2:36 hours

CPU: total 8 (initial active 8) (4 cores per cpu, 2 threads per core) family 6 model 165 stepping 2 microcode 0xe2, cx8, cmov, fxsr, ht, mmx, 3dnowpref, sse, sse2, sse3, ssse3, sse4.1, sse4.2, popcnt, lzcnt, tsc, tscinvbit, avx, avx2, aes, erms, clmul, bmi1, bmi2, adx, fma, vzeroupper, clflush, clflushopt, rdtscp

Memory: 4k page, system-wide physical 16252M (4902M free)
TotalPageFile size 18155M (AvailPageFile size 79M)
current process WorkingSet (physical memory assigned to process): 11M, peak: 11M
current process commit charge ("private bytes"): 60M, peak: 314M

vm_info: Java HotSpot(TM) 64-Bit Server VM (19.0.2+7-44) for windows-amd64 JRE (19.0.2+7-44), built on 2022-11-30T18:02:09Z by "mach5one" with MS VC++ 17.1 (VS2022)

END.
