#
# There is insufficient memory for the Java Runtime Environment to continue.
# Native memory allocation (mmap) failed to map 65536 bytes for Failed to commit metaspace.
# Possible reasons:
#   The system is out of physical RAM or swap space
#   The process is running with CompressedOops enabled, and the Java Heap may be blocking the growth of the native heap
# Possible solutions:
#   Reduce memory load on the system
#   Increase physical memory or swap space
#   Check if swap backing store is full
#   Decrease Java heap size (-Xmx/-Xms)
#   Decrease number of Java threads
#   Decrease Java thread stack sizes (-Xss)
#   Set larger code cache with -XX:ReservedCodeCacheSize=
#   JVM is running with Zero Based Compressed Oops mode in which the Java heap is
#     placed in the first 32GB address space. The Java Heap base address is the
#     maximum limit for the native heap growth. Please use -XX:HeapBaseMinAddress
#     to set the Java Heap base and to place the Java Heap above 32GB virtual address.
# This output file may be truncated or incomplete.
#
#  Out of Memory Error (virtualSpaceNode.cpp:110), pid=18380, tid=2156
#
# JRE version: Java(TM) SE Runtime Environment (19.0.2+7) (build 19.0.2+7-44)
# Java VM: Java HotSpot(TM) 64-Bit Server VM (19.0.2+7-44, mixed mode, tiered, compressed oops, compressed class ptrs, g1 gc, windows-amd64)
# No core dump will be written. Minidumps are not enabled by default on client versions of Windows
#

---------------  S U M M A R Y ------------

Command Line: -javaagent:C:\Program Files\JetBrains\IntelliJ IDEA Community Edition 2022.3.2\lib\idea_rt.jar=58831:C:\Program Files\JetBrains\IntelliJ IDEA Community Edition 2022.3.2\bin -Dfile.encoding=UTF-8 -Dsun.stdout.encoding=UTF-8 -Dsun.stderr.encoding=UTF-8 Main

Host: Intel(R) Core(TM) i5-10300H CPU @ 2.50GHz, 8 cores, 15G,  Windows 11 , 64 bit Build 22621 (10.0.22621.1105)
Time: Wed Feb 15 23:03:27 2023 Hora oficial do Brasil elapsed time: 0.103570 seconds (0d 0h 0m 0s)

---------------  T H R E A D  ---------------

Current thread (0x000001d98e109130):  JavaThread "main" [_thread_in_vm, id=2156, stack(0x0000003f06a00000,0x0000003f06b00000)]

Stack: [0x0000003f06a00000,0x0000003f06b00000]
Native frames: (J=compiled Java code, j=interpreted, Vv=VM code, C=native code)
V  [jvm.dll+0x6ee21a]
V  [jvm.dll+0x85765e]
V  [jvm.dll+0x85904e]
V  [jvm.dll+0x859703]
V  [jvm.dll+0x28298f]
V  [jvm.dll+0x8532db]
V  [jvm.dll+0x692cb6]
V  [jvm.dll+0x692d1a]
V  [jvm.dll+0x695613]
V  [jvm.dll+0x6954de]
V  [jvm.dll+0x6936de]
V  [jvm.dll+0x26e12f]
V  [jvm.dll+0x69dcc5]
V  [jvm.dll+0x21e072]
V  [jvm.dll+0x21e5a5]
V  [jvm.dll+0x21ef01]
V  [jvm.dll+0x2146a1]
V  [jvm.dll+0x5a9cb6]
V  [jvm.dll+0x2257aa]
V  [jvm.dll+0x7cc802]
V  [jvm.dll+0x7cdc4a]
V  [jvm.dll+0x7cdf78]
V  [jvm.dll+0x271e1b]
V  [jvm.dll+0x27203f]
V  [jvm.dll+0x5cb4e8]
V  [jvm.dll+0x5ce447]
V  [jvm.dll+0x3ddda7]
V  [jvm.dll+0x3dd3ff]
C  0x000001d99ed9c1b7

Java frames: (J=compiled Java code, j=interpreted, Vv=VM code)
j  java.util.stream.StreamSupport.stream(Ljava/util/Spliterator;Z)Ljava/util/stream/Stream;+11 java.base@19.0.2
j  java.util.Collection.stream()Ljava/util/stream/Stream;+7 java.base@19.0.2
j  jdk.internal.module.DefaultRoots.compute(Ljava/lang/module/ModuleFinder;Ljava/lang/module/ModuleFinder;)Ljava/util/Set;+6 java.base@19.0.2
j  jdk.internal.module.ModuleBootstrap.boot2()Ljava/lang/ModuleLayer;+727 java.base@19.0.2
j  jdk.internal.module.ModuleBootstrap.boot()Ljava/lang/ModuleLayer;+64 java.base@19.0.2
j  java.lang.System.initPhase2(ZZ)I+0 java.base@19.0.2
v  ~StubRoutines::call_stub 0x000001d99ed7100e

---------------  P R O C E S S  ---------------

Threads class SMR info:
_java_thread_list=0x000001d9b78ad620, length=10, elements={
0x000001d98e109130, 0x000001d9b782ab40, 0x000001d9b782be10, 0x000001d9b78a9050,
0x000001d9b78aa1a0, 0x000001d9b788b7c0, 0x000001d9b788c890, 0x000001d9b78aaee0,
0x000001d9b78ac400, 0x000001d9b78ad920
}

Java Threads: ( => current thread )
=>0x000001d98e109130 JavaThread "main" [_thread_in_vm, id=2156, stack(0x0000003f06a00000,0x0000003f06b00000)]
  0x000001d9b782ab40 JavaThread "Reference Handler" daemon [_thread_blocked, id=9908, stack(0x0000003f07100000,0x0000003f07200000)]
  0x000001d9b782be10 JavaThread "Finalizer" daemon [_thread_blocked, id=2172, stack(0x0000003f07200000,0x0000003f07300000)]
  0x000001d9b78a9050 JavaThread "Signal Dispatcher" daemon [_thread_blocked, id=14804, stack(0x0000003f07300000,0x0000003f07400000)]
  0x000001d9b78aa1a0 JavaThread "Attach Listener" daemon [_thread_blocked, id=4520, stack(0x0000003f07400000,0x0000003f07500000)]
  0x000001d9b788b7c0 JavaThread "Service Thread" daemon [_thread_blocked, id=15940, stack(0x0000003f07500000,0x0000003f07600000)]
  0x000001d9b788c890 JavaThread "Monitor Deflation Thread" daemon [_thread_blocked, id=4604, stack(0x0000003f07600000,0x0000003f07700000)]
  0x000001d9b78aaee0 JavaThread "C2 CompilerThread0" daemon [_thread_blocked, id=20060, stack(0x0000003f07700000,0x0000003f07800000)]
  0x000001d9b78ac400 JavaThread "C1 CompilerThread0" daemon [_thread_blocked, id=10720, stack(0x0000003f07800000,0x0000003f07900000)]
  0x000001d9b78ad920 JavaThread "Sweeper thread" daemon [_thread_blocked, id=17740, stack(0x0000003f07900000,0x0000003f07a00000)]

Other Threads:
  0x000001d9b7843130 VMThread "VM Thread" [stack: 0x0000003f07000000,0x0000003f07100000] [id=2212]
  0x000001d98e179fb0 WorkerThread "GC Thread#0" [stack: 0x0000003f06b00000,0x0000003f06c00000] [id=15076]
  0x000001d98e18af20 ConcurrentGCThread "G1 Main Marker" [stack: 0x0000003f06c00000,0x0000003f06d00000] [id=21500]
  0x000001d98e18d010 WorkerThread "G1 Conc#0" [stack: 0x0000003f06d00000,0x0000003f06e00000] [id=20704]
  0x000001d98e1ce4a0 ConcurrentGCThread "G1 Refine#0" [stack: 0x0000003f06e00000,0x0000003f06f00000] [id=4076]
  0x000001d9b2cb83e0 ConcurrentGCThread "G1 Service" [stack: 0x0000003f06f00000,0x0000003f07000000] [id=16728]

Threads with active compile tasks:

VM state: not at safepoint (normal execution)

VM Mutex/Monitor currently owned by a thread:  ([mutex/lock_event])
[0x000001d98e102b60] Metaspace_lock - owner thread: 0x000001d98e109130

Heap address: 0x0000000702000000, size: 4064 MB, Compressed Oops mode: Zero based, Oop shift amount: 3

CDS archive(s) not mapped
Compressed class space mapped at: 0x0000000800000000-0x0000000840000000, reserved size: 1073741824
Narrow klass base: 0x0000000800000000, Narrow klass shift: 0, Narrow klass range: 0x40000000

GC Precious Log:
 CardTable entry size: 512
 Card Set container configuration: InlinePtr #cards 4 size 8 Array Of Cards #cards 16 size 48 Howl #buckets 8 coarsen threshold 3686 Howl Bitmap #cards 512 size 80 coarsen threshold 460 Card regions per heap region 1 cards per card region 4096
 CPUs: 8 total, 8 available
 Memory: 16252M
 Large Page Support: Disabled
 NUMA Support: Disabled
 Compressed Oops: Enabled (Zero based)
 Heap Region Size: 2M
 Heap Min Capacity: 8M
 Heap Initial Capacity: 254M
 Heap Max Capacity: 4064M
 Pre-touch: Disabled
 Parallel Workers: 8
 Concurrent Workers: 2
 Concurrent Refinement Workers: 8
 Periodic GC: Disabled

Heap:
 garbage-first heap   total 260096K, used 0K [0x0000000702000000, 0x0000000800000000)
  region size 2048K, 1 young (2048K), 0 survivors (0K)
 Metaspace       used 3805K, committed 3840K, reserved 1114112K
  class space    used 285K, committed 320K, reserved 1048576K

Heap Regions: E=young(eden), S=young(survivor), O=old, HS=humongous(starts), HC=humongous(continues), CS=collection set, F=free, OA=open archive, CA=closed archive, TAMS=top-at-mark-start (previous, next)
|   0|0x0000000702000000, 0x0000000702000000, 0x0000000702200000|  0%| F|  |TAMS 0x0000000702000000, 0x0000000702000000| Untracked 
|   1|0x0000000702200000, 0x0000000702200000, 0x0000000702400000|  0%| F|  |TAMS 0x0000000702200000, 0x0000000702200000| Untracked 
|   2|0x0000000702400000, 0x0000000702400000, 0x0000000702600000|  0%| F|  |TAMS 0x0000000702400000, 0x0000000702400000| Untracked 
|   3|0x0000000702600000, 0x0000000702600000, 0x0000000702800000|  0%| F|  |TAMS 0x0000000702600000, 0x0000000702600000| Untracked 
|   4|0x0000000702800000, 0x0000000702800000, 0x0000000702a00000|  0%| F|  |TAMS 0x0000000702800000, 0x0000000702800000| Untracked 
|   5|0x0000000702a00000, 0x0000000702a00000, 0x0000000702c00000|  0%| F|  |TAMS 0x0000000702a00000, 0x0000000702a00000| Untracked 
|   6|0x0000000702c00000, 0x0000000702c00000, 0x0000000702e00000|  0%| F|  |TAMS 0x0000000702c00000, 0x0000000702c00000| Untracked 
|   7|0x0000000702e00000, 0x0000000702e00000, 0x0000000703000000|  0%| F|  |TAMS 0x0000000702e00000, 0x0000000702e00000| Untracked 
|   8|0x0000000703000000, 0x0000000703000000, 0x0000000703200000|  0%| F|  |TAMS 0x0000000703000000, 0x0000000703000000| Untracked 
|   9|0x0000000703200000, 0x0000000703200000, 0x0000000703400000|  0%| F|  |TAMS 0x0000000703200000, 0x0000000703200000| Untracked 
|  10|0x0000000703400000, 0x0000000703400000, 0x0000000703600000|  0%| F|  |TAMS 0x0000000703400000, 0x0000000703400000| Untracked 
|  11|0x0000000703600000, 0x0000000703600000, 0x0000000703800000|  0%| F|  |TAMS 0x0000000703600000, 0x0000000703600000| Untracked 
|  12|0x0000000703800000, 0x0000000703800000, 0x0000000703a00000|  0%| F|  |TAMS 0x0000000703800000, 0x0000000703800000| Untracked 
|  13|0x0000000703a00000, 0x0000000703a00000, 0x0000000703c00000|  0%| F|  |TAMS 0x0000000703a00000, 0x0000000703a00000| Untracked 
|  14|0x0000000703c00000, 0x0000000703c00000, 0x0000000703e00000|  0%| F|  |TAMS 0x0000000703c00000, 0x0000000703c00000| Untracked 
|  15|0x0000000703e00000, 0x0000000703e00000, 0x0000000704000000|  0%| F|  |TAMS 0x0000000703e00000, 0x0000000703e00000| Untracked 
|  16|0x0000000704000000, 0x0000000704000000, 0x0000000704200000|  0%| F|  |TAMS 0x0000000704000000, 0x0000000704000000| Untracked 
|  17|0x0000000704200000, 0x0000000704200000, 0x0000000704400000|  0%| F|  |TAMS 0x0000000704200000, 0x0000000704200000| Untracked 
|  18|0x0000000704400000, 0x0000000704400000, 0x0000000704600000|  0%| F|  |TAMS 0x0000000704400000, 0x0000000704400000| Untracked 
|  19|0x0000000704600000, 0x0000000704600000, 0x0000000704800000|  0%| F|  |TAMS 0x0000000704600000, 0x0000000704600000| Untracked 
|  20|0x0000000704800000, 0x0000000704800000, 0x0000000704a00000|  0%| F|  |TAMS 0x0000000704800000, 0x0000000704800000| Untracked 
|  21|0x0000000704a00000, 0x0000000704a00000, 0x0000000704c00000|  0%| F|  |TAMS 0x0000000704a00000, 0x0000000704a00000| Untracked 
|  22|0x0000000704c00000, 0x0000000704c00000, 0x0000000704e00000|  0%| F|  |TAMS 0x0000000704c00000, 0x0000000704c00000| Untracked 
|  23|0x0000000704e00000, 0x0000000704e00000, 0x0000000705000000|  0%| F|  |TAMS 0x0000000704e00000, 0x0000000704e00000| Untracked 
|  24|0x0000000705000000, 0x0000000705000000, 0x0000000705200000|  0%| F|  |TAMS 0x0000000705000000, 0x0000000705000000| Untracked 
|  25|0x0000000705200000, 0x0000000705200000, 0x0000000705400000|  0%| F|  |TAMS 0x0000000705200000, 0x0000000705200000| Untracked 
|  26|0x0000000705400000, 0x0000000705400000, 0x0000000705600000|  0%| F|  |TAMS 0x0000000705400000, 0x0000000705400000| Untracked 
|  27|0x0000000705600000, 0x0000000705600000, 0x0000000705800000|  0%| F|  |TAMS 0x0000000705600000, 0x0000000705600000| Untracked 
|  28|0x0000000705800000, 0x0000000705800000, 0x0000000705a00000|  0%| F|  |TAMS 0x0000000705800000, 0x0000000705800000| Untracked 
|  29|0x0000000705a00000, 0x0000000705a00000, 0x0000000705c00000|  0%| F|  |TAMS 0x0000000705a00000, 0x0000000705a00000| Untracked 
|  30|0x0000000705c00000, 0x0000000705c00000, 0x0000000705e00000|  0%| F|  |TAMS 0x0000000705c00000, 0x0000000705c00000| Untracked 
|  31|0x0000000705e00000, 0x0000000705e00000, 0x0000000706000000|  0%| F|  |TAMS 0x0000000705e00000, 0x0000000705e00000| Untracked 
|  32|0x0000000706000000, 0x0000000706000000, 0x0000000706200000|  0%| F|  |TAMS 0x0000000706000000, 0x0000000706000000| Untracked 
|  33|0x0000000706200000, 0x0000000706200000, 0x0000000706400000|  0%| F|  |TAMS 0x0000000706200000, 0x0000000706200000| Untracked 
|  34|0x0000000706400000, 0x0000000706400000, 0x0000000706600000|  0%| F|  |TAMS 0x0000000706400000, 0x0000000706400000| Untracked 
|  35|0x0000000706600000, 0x0000000706600000, 0x0000000706800000|  0%| F|  |TAMS 0x0000000706600000, 0x0000000706600000| Untracked 
|  36|0x0000000706800000, 0x0000000706800000, 0x0000000706a00000|  0%| F|  |TAMS 0x0000000706800000, 0x0000000706800000| Untracked 
|  37|0x0000000706a00000, 0x0000000706a00000, 0x0000000706c00000|  0%| F|  |TAMS 0x0000000706a00000, 0x0000000706a00000| Untracked 
|  38|0x0000000706c00000, 0x0000000706c00000, 0x0000000706e00000|  0%| F|  |TAMS 0x0000000706c00000, 0x0000000706c00000| Untracked 
|  39|0x0000000706e00000, 0x0000000706e00000, 0x0000000707000000|  0%| F|  |TAMS 0x0000000706e00000, 0x0000000706e00000| Untracked 
|  40|0x0000000707000000, 0x0000000707000000, 0x0000000707200000|  0%| F|  |TAMS 0x0000000707000000, 0x0000000707000000| Untracked 
|  41|0x0000000707200000, 0x0000000707200000, 0x0000000707400000|  0%| F|  |TAMS 0x0000000707200000, 0x0000000707200000| Untracked 
|  42|0x0000000707400000, 0x0000000707400000, 0x0000000707600000|  0%| F|  |TAMS 0x0000000707400000, 0x0000000707400000| Untracked 
|  43|0x0000000707600000, 0x0000000707600000, 0x0000000707800000|  0%| F|  |TAMS 0x0000000707600000, 0x0000000707600000| Untracked 
|  44|0x0000000707800000, 0x0000000707800000, 0x0000000707a00000|  0%| F|  |TAMS 0x0000000707800000, 0x0000000707800000| Untracked 
|  45|0x0000000707a00000, 0x0000000707a00000, 0x0000000707c00000|  0%| F|  |TAMS 0x0000000707a00000, 0x0000000707a00000| Untracked 
|  46|0x0000000707c00000, 0x0000000707c00000, 0x0000000707e00000|  0%| F|  |TAMS 0x0000000707c00000, 0x0000000707c00000| Untracked 
|  47|0x0000000707e00000, 0x0000000707e00000, 0x0000000708000000|  0%| F|  |TAMS 0x0000000707e00000, 0x0000000707e00000| Untracked 
|  48|0x0000000708000000, 0x0000000708000000, 0x0000000708200000|  0%| F|  |TAMS 0x0000000708000000, 0x0000000708000000| Untracked 
|  49|0x0000000708200000, 0x0000000708200000, 0x0000000708400000|  0%| F|  |TAMS 0x0000000708200000, 0x0000000708200000| Untracked 
|  50|0x0000000708400000, 0x0000000708400000, 0x0000000708600000|  0%| F|  |TAMS 0x0000000708400000, 0x0000000708400000| Untracked 
|  51|0x0000000708600000, 0x0000000708600000, 0x0000000708800000|  0%| F|  |TAMS 0x0000000708600000, 0x0000000708600000| Untracked 
|  52|0x0000000708800000, 0x0000000708800000, 0x0000000708a00000|  0%| F|  |TAMS 0x0000000708800000, 0x0000000708800000| Untracked 
|  53|0x0000000708a00000, 0x0000000708a00000, 0x0000000708c00000|  0%| F|  |TAMS 0x0000000708a00000, 0x0000000708a00000| Untracked 
|  54|0x0000000708c00000, 0x0000000708c00000, 0x0000000708e00000|  0%| F|  |TAMS 0x0000000708c00000, 0x0000000708c00000| Untracked 
|  55|0x0000000708e00000, 0x0000000708e00000, 0x0000000709000000|  0%| F|  |TAMS 0x0000000708e00000, 0x0000000708e00000| Untracked 
|  56|0x0000000709000000, 0x0000000709000000, 0x0000000709200000|  0%| F|  |TAMS 0x0000000709000000, 0x0000000709000000| Untracked 
|  57|0x0000000709200000, 0x0000000709200000, 0x0000000709400000|  0%| F|  |TAMS 0x0000000709200000, 0x0000000709200000| Untracked 
|  58|0x0000000709400000, 0x0000000709400000, 0x0000000709600000|  0%| F|  |TAMS 0x0000000709400000, 0x0000000709400000| Untracked 
|  59|0x0000000709600000, 0x0000000709600000, 0x0000000709800000|  0%| F|  |TAMS 0x0000000709600000, 0x0000000709600000| Untracked 
|  60|0x0000000709800000, 0x0000000709800000, 0x0000000709a00000|  0%| F|  |TAMS 0x0000000709800000, 0x0000000709800000| Untracked 
|  61|0x0000000709a00000, 0x0000000709a00000, 0x0000000709c00000|  0%| F|  |TAMS 0x0000000709a00000, 0x0000000709a00000| Untracked 
|  62|0x0000000709c00000, 0x0000000709c00000, 0x0000000709e00000|  0%| F|  |TAMS 0x0000000709c00000, 0x0000000709c00000| Untracked 
|  63|0x0000000709e00000, 0x0000000709e00000, 0x000000070a000000|  0%| F|  |TAMS 0x0000000709e00000, 0x0000000709e00000| Untracked 
|  64|0x000000070a000000, 0x000000070a000000, 0x000000070a200000|  0%| F|  |TAMS 0x000000070a000000, 0x000000070a000000| Untracked 
|  65|0x000000070a200000, 0x000000070a200000, 0x000000070a400000|  0%| F|  |TAMS 0x000000070a200000, 0x000000070a200000| Untracked 
|  66|0x000000070a400000, 0x000000070a400000, 0x000000070a600000|  0%| F|  |TAMS 0x000000070a400000, 0x000000070a400000| Untracked 
|  67|0x000000070a600000, 0x000000070a600000, 0x000000070a800000|  0%| F|  |TAMS 0x000000070a600000, 0x000000070a600000| Untracked 
|  68|0x000000070a800000, 0x000000070a800000, 0x000000070aa00000|  0%| F|  |TAMS 0x000000070a800000, 0x000000070a800000| Untracked 
|  69|0x000000070aa00000, 0x000000070aa00000, 0x000000070ac00000|  0%| F|  |TAMS 0x000000070aa00000, 0x000000070aa00000| Untracked 
|  70|0x000000070ac00000, 0x000000070ac00000, 0x000000070ae00000|  0%| F|  |TAMS 0x000000070ac00000, 0x000000070ac00000| Untracked 
|  71|0x000000070ae00000, 0x000000070ae00000, 0x000000070b000000|  0%| F|  |TAMS 0x000000070ae00000, 0x000000070ae00000| Untracked 
|  72|0x000000070b000000, 0x000000070b000000, 0x000000070b200000|  0%| F|  |TAMS 0x000000070b000000, 0x000000070b000000| Untracked 
|  73|0x000000070b200000, 0x000000070b200000, 0x000000070b400000|  0%| F|  |TAMS 0x000000070b200000, 0x000000070b200000| Untracked 
|  74|0x000000070b400000, 0x000000070b400000, 0x000000070b600000|  0%| F|  |TAMS 0x000000070b400000, 0x000000070b400000| Untracked 
|  75|0x000000070b600000, 0x000000070b600000, 0x000000070b800000|  0%| F|  |TAMS 0x000000070b600000, 0x000000070b600000| Untracked 
|  76|0x000000070b800000, 0x000000070b800000, 0x000000070ba00000|  0%| F|  |TAMS 0x000000070b800000, 0x000000070b800000| Untracked 
|  77|0x000000070ba00000, 0x000000070ba00000, 0x000000070bc00000|  0%| F|  |TAMS 0x000000070ba00000, 0x000000070ba00000| Untracked 
|  78|0x000000070bc00000, 0x000000070bc00000, 0x000000070be00000|  0%| F|  |TAMS 0x000000070bc00000, 0x000000070bc00000| Untracked 
|  79|0x000000070be00000, 0x000000070be00000, 0x000000070c000000|  0%| F|  |TAMS 0x000000070be00000, 0x000000070be00000| Untracked 
|  80|0x000000070c000000, 0x000000070c000000, 0x000000070c200000|  0%| F|  |TAMS 0x000000070c000000, 0x000000070c000000| Untracked 
|  81|0x000000070c200000, 0x000000070c200000, 0x000000070c400000|  0%| F|  |TAMS 0x000000070c200000, 0x000000070c200000| Untracked 
|  82|0x000000070c400000, 0x000000070c400000, 0x000000070c600000|  0%| F|  |TAMS 0x000000070c400000, 0x000000070c400000| Untracked 
|  83|0x000000070c600000, 0x000000070c600000, 0x000000070c800000|  0%| F|  |TAMS 0x000000070c600000, 0x000000070c600000| Untracked 
|  84|0x000000070c800000, 0x000000070c800000, 0x000000070ca00000|  0%| F|  |TAMS 0x000000070c800000, 0x000000070c800000| Untracked 
|  85|0x000000070ca00000, 0x000000070ca00000, 0x000000070cc00000|  0%| F|  |TAMS 0x000000070ca00000, 0x000000070ca00000| Untracked 
|  86|0x000000070cc00000, 0x000000070cc00000, 0x000000070ce00000|  0%| F|  |TAMS 0x000000070cc00000, 0x000000070cc00000| Untracked 
|  87|0x000000070ce00000, 0x000000070ce00000, 0x000000070d000000|  0%| F|  |TAMS 0x000000070ce00000, 0x000000070ce00000| Untracked 
|  88|0x000000070d000000, 0x000000070d000000, 0x000000070d200000|  0%| F|  |TAMS 0x000000070d000000, 0x000000070d000000| Untracked 
|  89|0x000000070d200000, 0x000000070d200000, 0x000000070d400000|  0%| F|  |TAMS 0x000000070d200000, 0x000000070d200000| Untracked 
|  90|0x000000070d400000, 0x000000070d400000, 0x000000070d600000|  0%| F|  |TAMS 0x000000070d400000, 0x000000070d400000| Untracked 
|  91|0x000000070d600000, 0x000000070d600000, 0x000000070d800000|  0%| F|  |TAMS 0x000000070d600000, 0x000000070d600000| Untracked 
|  92|0x000000070d800000, 0x000000070d800000, 0x000000070da00000|  0%| F|  |TAMS 0x000000070d800000, 0x000000070d800000| Untracked 
|  93|0x000000070da00000, 0x000000070da00000, 0x000000070dc00000|  0%| F|  |TAMS 0x000000070da00000, 0x000000070da00000| Untracked 
|  94|0x000000070dc00000, 0x000000070dc00000, 0x000000070de00000|  0%| F|  |TAMS 0x000000070dc00000, 0x000000070dc00000| Untracked 
|  95|0x000000070de00000, 0x000000070de00000, 0x000000070e000000|  0%| F|  |TAMS 0x000000070de00000, 0x000000070de00000| Untracked 
|  96|0x000000070e000000, 0x000000070e000000, 0x000000070e200000|  0%| F|  |TAMS 0x000000070e000000, 0x000000070e000000| Untracked 
|  97|0x000000070e200000, 0x000000070e200000, 0x000000070e400000|  0%| F|  |TAMS 0x000000070e200000, 0x000000070e200000| Untracked 
|  98|0x000000070e400000, 0x000000070e400000, 0x000000070e600000|  0%| F|  |TAMS 0x000000070e400000, 0x000000070e400000| Untracked 
|  99|0x000000070e600000, 0x000000070e600000, 0x000000070e800000|  0%| F|  |TAMS 0x000000070e600000, 0x000000070e600000| Untracked 
| 100|0x000000070e800000, 0x000000070e800000, 0x000000070ea00000|  0%| F|  |TAMS 0x000000070e800000, 0x000000070e800000| Untracked 
| 101|0x000000070ea00000, 0x000000070ea00000, 0x000000070ec00000|  0%| F|  |TAMS 0x000000070ea00000, 0x000000070ea00000| Untracked 
| 102|0x000000070ec00000, 0x000000070ec00000, 0x000000070ee00000|  0%| F|  |TAMS 0x000000070ec00000, 0x000000070ec00000| Untracked 
| 103|0x000000070ee00000, 0x000000070ee00000, 0x000000070f000000|  0%| F|  |TAMS 0x000000070ee00000, 0x000000070ee00000| Untracked 
| 104|0x000000070f000000, 0x000000070f000000, 0x000000070f200000|  0%| F|  |TAMS 0x000000070f000000, 0x000000070f000000| Untracked 
| 105|0x000000070f200000, 0x000000070f200000, 0x000000070f400000|  0%| F|  |TAMS 0x000000070f200000, 0x000000070f200000| Untracked 
| 106|0x000000070f400000, 0x000000070f400000, 0x000000070f600000|  0%| F|  |TAMS 0x000000070f400000, 0x000000070f400000| Untracked 
| 107|0x000000070f600000, 0x000000070f600000, 0x000000070f800000|  0%| F|  |TAMS 0x000000070f600000, 0x000000070f600000| Untracked 
| 108|0x000000070f800000, 0x000000070f800000, 0x000000070fa00000|  0%| F|  |TAMS 0x000000070f800000, 0x000000070f800000| Untracked 
| 109|0x000000070fa00000, 0x000000070fa00000, 0x000000070fc00000|  0%| F|  |TAMS 0x000000070fa00000, 0x000000070fa00000| Untracked 
| 110|0x000000070fc00000, 0x000000070fc00000, 0x000000070fe00000|  0%| F|  |TAMS 0x000000070fc00000, 0x000000070fc00000| Untracked 
| 111|0x000000070fe00000, 0x000000070fe00000, 0x0000000710000000|  0%| F|  |TAMS 0x000000070fe00000, 0x000000070fe00000| Untracked 
| 112|0x0000000710000000, 0x0000000710000000, 0x0000000710200000|  0%| F|  |TAMS 0x0000000710000000, 0x0000000710000000| Untracked 
| 113|0x0000000710200000, 0x0000000710200000, 0x0000000710400000|  0%| F|  |TAMS 0x0000000710200000, 0x0000000710200000| Untracked 
| 114|0x0000000710400000, 0x0000000710400000, 0x0000000710600000|  0%| F|  |TAMS 0x0000000710400000, 0x0000000710400000| Untracked 
| 115|0x0000000710600000, 0x0000000710600000, 0x0000000710800000|  0%| F|  |TAMS 0x0000000710600000, 0x0000000710600000| Untracked 
| 116|0x0000000710800000, 0x0000000710800000, 0x0000000710a00000|  0%| F|  |TAMS 0x0000000710800000, 0x0000000710800000| Untracked 
| 117|0x0000000710a00000, 0x0000000710a00000, 0x0000000710c00000|  0%| F|  |TAMS 0x0000000710a00000, 0x0000000710a00000| Untracked 
| 118|0x0000000710c00000, 0x0000000710c00000, 0x0000000710e00000|  0%| F|  |TAMS 0x0000000710c00000, 0x0000000710c00000| Untracked 
| 119|0x0000000710e00000, 0x0000000710e00000, 0x0000000711000000|  0%| F|  |TAMS 0x0000000710e00000, 0x0000000710e00000| Untracked 
| 120|0x0000000711000000, 0x0000000711000000, 0x0000000711200000|  0%| F|  |TAMS 0x0000000711000000, 0x0000000711000000| Untracked 
| 121|0x0000000711200000, 0x0000000711200000, 0x0000000711400000|  0%| F|  |TAMS 0x0000000711200000, 0x0000000711200000| Untracked 
| 122|0x0000000711400000, 0x0000000711400000, 0x0000000711600000|  0%| F|  |TAMS 0x0000000711400000, 0x0000000711400000| Untracked 
| 123|0x0000000711600000, 0x0000000711600000, 0x0000000711800000|  0%| F|  |TAMS 0x0000000711600000, 0x0000000711600000| Untracked 
| 124|0x0000000711800000, 0x0000000711800000, 0x0000000711a00000|  0%| F|  |TAMS 0x0000000711800000, 0x0000000711800000| Untracked 
| 125|0x0000000711a00000, 0x0000000711a00000, 0x0000000711c00000|  0%| F|  |TAMS 0x0000000711a00000, 0x0000000711a00000| Untracked 
| 126|0x0000000711c00000, 0x0000000711d52008, 0x0000000711e00000| 66%| E|  |TAMS 0x0000000711c00000, 0x0000000711c00000| Complete 

Card table byte_map: [0x000001d9a7ab0000,0x000001d9a82a0000] _byte_map_base: 0x000001d9a42a0000

Marking Bits (Prev, Next): (CMBitMap*) 0x000001d98e17a4f0, (CMBitMap*) 0x000001d98e17a530
 Prev Bits: [0x000001d9a8a90000, 0x000001d9aca10000)
 Next Bits: [0x000001d9aca10000, 0x000001d9b0990000)

Polling page: 0x000001d997820000

Metaspace:

Usage:
  Non-class:      3.44 MB used.
      Class:    285.02 KB used.
       Both:      3.72 MB used.

Virtual space:
  Non-class space:       64.00 MB reserved,       3.44 MB (  5%) committed,  1 nodes.
      Class space:        1.00 GB reserved,     320.00 KB ( <1%) committed,  1 nodes.
             Both:        1.06 GB reserved,       3.75 MB ( <1%) committed. 

Chunk freelists:
   Non-Class:  0 bytes
       Class:  3.62 MB
        Both:  3.62 MB

MaxMetaspaceSize: unlimited
CompressedClassSpaceSize: 1.00 GB
Initial GC threshold: 21.00 MB
Current GC threshold: 21.00 MB
CDS: off
MetaspaceReclaimPolicy: balanced
 - commit_granule_bytes: 65536.
 - commit_granule_words: 8192.
 - virtual_space_node_default_size: 8388608.
 - enlarge_chunks_in_place: 1.
 - new_chunks_are_fully_committed: 0.
 - uncommit_free_chunks: 1.
 - use_allocation_guard: 0.


Internal statistics:

num_allocs_failed_limit: 0.
num_arena_births: 2.
num_arena_deaths: 0.
num_vsnodes_births: 2.
num_vsnodes_deaths: 0.
num_space_committed: 60.
num_space_uncommitted: 0.
num_chunks_returned_to_freelist: 0.
num_chunks_taken_from_freelist: 4.
num_chunk_merges: 0.
num_chunk_splits: 1.
num_chunks_enlarged: 0.
num_inconsistent_stats: 0.

CodeHeap 'non-profiled nmethods': size=120000Kb used=3Kb max_used=3Kb free=119996Kb
 bounds [0x000001d99f310000, 0x000001d99f580000, 0x000001d9a6840000]
CodeHeap 'profiled nmethods': size=120000Kb used=36Kb max_used=36Kb free=119963Kb
 bounds [0x000001d997840000, 0x000001d997ab0000, 0x000001d99ed70000]
CodeHeap 'non-nmethods': size=5760Kb used=1121Kb max_used=1125Kb free=4638Kb
 bounds [0x000001d99ed70000, 0x000001d99efe0000, 0x000001d99f310000]
 total_blobs=323 nmethods=31 adapters=203
 compilation: enabled
              stopped_count=0, restarted_count=0
 full_count=0

Compilation events (20 events):
Event: 0.090 Thread 0x000001d9b78ac400   22       3       java.lang.String::coder (15 bytes)
Event: 0.090 Thread 0x000001d9b78ac400 nmethod 22 0x000001d997846e90 code [0x000001d997847020, 0x000001d997847158]
Event: 0.090 Thread 0x000001d9b78ac400   23       3       java.lang.String::length (11 bytes)
Event: 0.090 Thread 0x000001d9b78ac400 nmethod 23 0x000001d997847210 code [0x000001d9978473c0, 0x000001d997847558]
Event: 0.090 Thread 0x000001d9b78ac400   24       1       java.lang.module.ModuleDescriptor::name (5 bytes)
Event: 0.090 Thread 0x000001d9b78ac400 nmethod 24 0x000001d99f310710 code [0x000001d99f3108a0, 0x000001d99f310978]
Event: 0.090 Thread 0x000001d9b78ac400   25       1       java.lang.module.ModuleReference::descriptor (5 bytes)
Event: 0.090 Thread 0x000001d9b78ac400 nmethod 25 0x000001d99f310a10 code [0x000001d99f310ba0, 0x000001d99f310c78]
Event: 0.090 Thread 0x000001d9b78ac400   26       3       java.net.URI::hash (33 bytes)
Event: 0.091 Thread 0x000001d9b78ac400 nmethod 26 0x000001d997847610 code [0x000001d997847800, 0x000001d997847c98]
Event: 0.097 Thread 0x000001d9b78ac400   27       3       java.lang.String::isEmpty (14 bytes)
Event: 0.097 Thread 0x000001d9b78ac400 nmethod 27 0x000001d997847e90 code [0x000001d997848020, 0x000001d997848198]
Event: 0.098 Thread 0x000001d9b78ac400   28       3       java.util.ImmutableCollections$SetN$SetNIterator::hasNext (13 bytes)
Event: 0.098 Thread 0x000001d9b78ac400 nmethod 28 0x000001d997848290 code [0x000001d997848420, 0x000001d997848598]
Event: 0.098 Thread 0x000001d9b78ac400   29       3       java.util.concurrent.ConcurrentHashMap::tabAt (22 bytes)
Event: 0.098 Thread 0x000001d9b78ac400 nmethod 29 0x000001d997848610 code [0x000001d9978487c0, 0x000001d997848ab8]
Event: 0.098 Thread 0x000001d9b78ac400   30       3       jdk.internal.misc.Unsafe::getReferenceAcquire (7 bytes)
Event: 0.098 Thread 0x000001d9b78ac400 nmethod 30 0x000001d997848b90 code [0x000001d997848d20, 0x000001d997848e98]
Event: 0.098 Thread 0x000001d9b78ac400   31       3       java.util.concurrent.ConcurrentHashMap::spread (10 bytes)
Event: 0.098 Thread 0x000001d9b78ac400 nmethod 31 0x000001d997848f10 code [0x000001d9978490a0, 0x000001d997849198]

GC Heap History (0 events):
No events

Dll operation events (2 events):
Event: 0.007 Loaded shared library C:\Program Files\Java\jdk-19\bin\java.dll
Event: 0.044 Loaded shared library C:\Program Files\Java\jdk-19\bin\jsvml.dll

Deoptimization events (0 events):
No events

Classes loaded (20 events):
Event: 0.100 Loading class java/util/Spliterator$OfDouble
Event: 0.100 Loading class java/util/Spliterator$OfDouble done
Event: 0.100 Loading class java/util/Spliterators$EmptySpliterator$OfDouble done
Event: 0.100 Loading class java/util/Spliterators$IteratorSpliterator
Event: 0.100 Loading class java/util/Spliterators$IteratorSpliterator done
Event: 0.100 Loading class java/util/stream/StreamSupport
Event: 0.100 Loading class java/util/stream/StreamSupport done
Event: 0.100 Loading class java/util/stream/ReferencePipeline$Head
Event: 0.100 Loading class java/util/stream/ReferencePipeline
Event: 0.101 Loading class java/util/stream/Stream
Event: 0.101 Loading class java/util/stream/BaseStream
Event: 0.101 Loading class java/util/stream/BaseStream done
Event: 0.101 Loading class java/util/stream/Stream done
Event: 0.101 Loading class java/util/stream/AbstractPipeline
Event: 0.101 Loading class java/util/stream/PipelineHelper
Event: 0.102 Loading class java/util/stream/PipelineHelper done
Event: 0.102 Loading class java/util/stream/AbstractPipeline done
Event: 0.102 Loading class java/util/stream/ReferencePipeline done
Event: 0.102 Loading class java/util/stream/ReferencePipeline$Head done
Event: 0.102 Loading class java/util/stream/StreamOpFlag

Classes unloaded (0 events):
No events

Classes redefined (0 events):
No events

Internal exceptions (0 events):
No events

VM Operations (0 events):
No events

Events (10 events):
Event: 0.045 Thread 0x000001d98e109130 Thread added: 0x000001d98e109130
Event: 0.072 Thread 0x000001d9b782ab40 Thread added: 0x000001d9b782ab40
Event: 0.072 Thread 0x000001d9b782be10 Thread added: 0x000001d9b782be10
Event: 0.074 Thread 0x000001d9b78a9050 Thread added: 0x000001d9b78a9050
Event: 0.074 Thread 0x000001d9b78aa1a0 Thread added: 0x000001d9b78aa1a0
Event: 0.074 Thread 0x000001d9b788b7c0 Thread added: 0x000001d9b788b7c0
Event: 0.074 Thread 0x000001d9b788c890 Thread added: 0x000001d9b788c890
Event: 0.074 Thread 0x000001d9b78aaee0 Thread added: 0x000001d9b78aaee0
Event: 0.074 Thread 0x000001d9b78ac400 Thread added: 0x000001d9b78ac400
Event: 0.074 Thread 0x000001d9b78ad920 Thread added: 0x000001d9b78ad920


Dynamic libraries:
0x00007ff652700000 - 0x00007ff652710000 	C:\Program Files\Java\jdk-19\bin\java.exe
0x00007ffc56d10000 - 0x00007ffc56f24000 	C:\WINDOWS\SYSTEM32\ntdll.dll
0x00007ffc55710000 - 0x00007ffc557d3000 	C:\WINDOWS\System32\KERNEL32.DLL
0x00007ffc54280000 - 0x00007ffc5461d000 	C:\WINDOWS\System32\KERNELBASE.dll
0x00007ffc54690000 - 0x00007ffc547a1000 	C:\WINDOWS\System32\ucrtbase.dll
0x00007ffc4f090000 - 0x00007ffc4f0ab000 	C:\Program Files\Java\jdk-19\bin\VCRUNTIME140.dll
0x00007ffc4d110000 - 0x00007ffc4d128000 	C:\Program Files\Java\jdk-19\bin\jli.dll
0x00007ffc55dd0000 - 0x00007ffc55e7e000 	C:\WINDOWS\System32\ADVAPI32.dll
0x00007ffc56a30000 - 0x00007ffc56ad7000 	C:\WINDOWS\System32\msvcrt.dll
0x00007ffc56010000 - 0x00007ffc560b4000 	C:\WINDOWS\System32\sechost.dll
0x00007ffc557f0000 - 0x00007ffc55905000 	C:\WINDOWS\System32\RPCRT4.dll
0x00007ffc55500000 - 0x00007ffc556ad000 	C:\WINDOWS\System32\USER32.dll
0x00007ffc39c90000 - 0x00007ffc39f1e000 	C:\WINDOWS\WinSxS\amd64_microsoft.windows.common-controls_6595b64144ccf1df_6.0.22621.608_none_a9444ca7c10bb01d\COMCTL32.dll
0x00007ffc54130000 - 0x00007ffc54156000 	C:\WINDOWS\System32\win32u.dll
0x00007ffc56980000 - 0x00007ffc569a9000 	C:\WINDOWS\System32\GDI32.dll
0x00007ffc54160000 - 0x00007ffc54272000 	C:\WINDOWS\System32\gdi32full.dll
0x00007ffc547b0000 - 0x00007ffc5484a000 	C:\WINDOWS\System32\msvcp_win.dll
0x00007ffc4de30000 - 0x00007ffc4de3a000 	C:\WINDOWS\SYSTEM32\VERSION.dll
0x00007ffc55d90000 - 0x00007ffc55dc2000 	C:\WINDOWS\System32\IMM32.DLL
0x00007ffc4f080000 - 0x00007ffc4f08c000 	C:\Program Files\Java\jdk-19\bin\vcruntime140_1.dll
0x00007ffc42890000 - 0x00007ffc4291e000 	C:\Program Files\Java\jdk-19\bin\msvcp140.dll
0x00007ffb993f0000 - 0x00007ffb9a0b0000 	C:\Program Files\Java\jdk-19\bin\server\jvm.dll
0x00007ffc50840000 - 0x00007ffc50849000 	C:\WINDOWS\SYSTEM32\WSOCK32.dll
0x00007ffc4d0b0000 - 0x00007ffc4d0e4000 	C:\WINDOWS\SYSTEM32\WINMM.dll
0x00007ffc569b0000 - 0x00007ffc56a21000 	C:\WINDOWS\System32\WS2_32.dll
0x00007ffc53270000 - 0x00007ffc53288000 	C:\WINDOWS\SYSTEM32\kernel.appcore.dll
0x00007ffc4ec60000 - 0x00007ffc4ec6a000 	C:\Program Files\Java\jdk-19\bin\jimage.dll
0x00007ffc51af0000 - 0x00007ffc51d1e000 	C:\WINDOWS\SYSTEM32\DBGHELP.DLL
0x00007ffc55090000 - 0x00007ffc5541a000 	C:\WINDOWS\System32\combase.dll
0x00007ffc55420000 - 0x00007ffc554f7000 	C:\WINDOWS\System32\OLEAUT32.dll
0x00007ffc3d060000 - 0x00007ffc3d092000 	C:\WINDOWS\SYSTEM32\dbgcore.DLL
0x00007ffc549c0000 - 0x00007ffc54a3b000 	C:\WINDOWS\System32\bcryptPrimitives.dll
0x00007ffc4d100000 - 0x00007ffc4d10e000 	C:\Program Files\Java\jdk-19\bin\instrument.dll
0x00007ffc4e9c0000 - 0x00007ffc4e9e6000 	C:\Program Files\Java\jdk-19\bin\java.dll
0x00007ffc23570000 - 0x00007ffc23647000 	C:\Program Files\Java\jdk-19\bin\jsvml.dll
0x00007ffc560c0000 - 0x00007ffc568af000 	C:\WINDOWS\System32\SHELL32.dll
0x00007ffc52160000 - 0x00007ffc52a28000 	C:\WINDOWS\SYSTEM32\windows.storage.dll
0x00007ffc52020000 - 0x00007ffc5215e000 	C:\WINDOWS\SYSTEM32\wintypes.dll
0x00007ffc54d30000 - 0x00007ffc54e21000 	C:\WINDOWS\System32\SHCORE.dll
0x00007ffc556b0000 - 0x00007ffc5570e000 	C:\WINDOWS\System32\shlwapi.dll
0x00007ffc54060000 - 0x00007ffc54081000 	C:\WINDOWS\SYSTEM32\profapi.dll

dbghelp: loaded successfully - version: 4.0.5 - missing functions: none
symbol engine: initialized successfully - sym options: 0x614 - pdb path: .;C:\Program Files\Java\jdk-19\bin;C:\WINDOWS\SYSTEM32;C:\WINDOWS\WinSxS\amd64_microsoft.windows.common-controls_6595b64144ccf1df_6.0.22621.608_none_a9444ca7c10bb01d;C:\Program Files\Java\jdk-19\bin\server

VM Arguments:
jvm_args: -javaagent:C:\Program Files\JetBrains\IntelliJ IDEA Community Edition 2022.3.2\lib\idea_rt.jar=58831:C:\Program Files\JetBrains\IntelliJ IDEA Community Edition 2022.3.2\bin -Dfile.encoding=UTF-8 -Dsun.stdout.encoding=UTF-8 -Dsun.stderr.encoding=UTF-8 
java_command: Main
java_class_path (initial): C:\Users\Felipe Gabriel\IdeaProjects\ConversorDeTemperatura\out\production\ConversorDeTemperatura
Launcher Type: SUN_STANDARD

[Global flags]
     intx CICompilerCount                          = 4                                         {product} {ergonomic}
     uint ConcGCThreads                            = 2                                         {product} {ergonomic}
     uint G1ConcRefinementThreads                  = 8                                         {product} {ergonomic}
   size_t G1HeapRegionSize                         = 2097152                                   {product} {ergonomic}
    uintx GCDrainStackTargetSize                   = 64                                        {product} {ergonomic}
   size_t InitialHeapSize                          = 266338304                                 {product} {ergonomic}
   size_t MarkStackSize                            = 4194304                                   {product} {ergonomic}
   size_t MaxHeapSize                              = 4261412864                                {product} {ergonomic}
   size_t MaxNewSize                               = 2556428288                                {product} {ergonomic}
   size_t MinHeapDeltaBytes                        = 2097152                                   {product} {ergonomic}
   size_t MinHeapSize                              = 8388608                                   {product} {ergonomic}
    uintx NonNMethodCodeHeapSize                   = 5839372                                {pd product} {ergonomic}
    uintx NonProfiledCodeHeapSize                  = 122909434                              {pd product} {ergonomic}
    uintx ProfiledCodeHeapSize                     = 122909434                              {pd product} {ergonomic}
    uintx ReservedCodeCacheSize                    = 251658240                              {pd product} {ergonomic}
     bool SegmentedCodeCache                       = true                                      {product} {ergonomic}
   size_t SoftMaxHeapSize                          = 4261412864                             {manageable} {ergonomic}
     bool UseCompressedClassPointers               = true                           {product lp64_product} {ergonomic}
     bool UseCompressedOops                        = true                           {product lp64_product} {ergonomic}
     bool UseG1GC                                  = true                                      {product} {ergonomic}
     bool UseLargePagesIndividualAllocation        = false                                  {pd product} {ergonomic}

Logging:
Log output configuration:
 #0: stdout all=warning uptime,level,tags foldmultilines=false
 #1: stderr all=off uptime,level,tags foldmultilines=false

Environment Variables:
PATH=C:\Program Files\Common Files\Oracle\Java\javapath;C:\Windows\system32;C:\Windows;C:\Windows\System32\Wbem;C:\Windows\System32\WindowsPowerShell\v1.0\;C:\Windows\System32\OpenSSH\;C:\Program Files\NVIDIA Corporation\NVIDIA NvDLISR;C:\Program Files (x86)\NVIDIA Corporation\PhysX\Common;C:\Program Files (x86)\dotnet\;C:\Program Files\nodejs\;C:\WINDOWS\system32;C:\WINDOWS;C:\WINDOWS\System32\Wbem;C:\WINDOWS\System32\WindowsPowerShell\v1.0\;C:\WINDOWS\System32\OpenSSH\;C:\ProgramData\UNIVALI\Portugol Studio;C:\Program Files\Git\cmd;C:\Users\Felipe Gabriel\AppData\Local\Microsoft\WindowsApps;;C:\Users\Felipe Gabriel\AppData\Local\Programs\Microsoft VS Code\bin;C:\Users\Felipe Gabriel\AppData\Roaming\npm
USERNAME=Felipe Gabriel
OS=Windows_NT
PROCESSOR_IDENTIFIER=Intel64 Family 6 Model 165 Stepping 2, GenuineIntel
TMP=C:\Users\FELIPE~1\AppData\Local\Temp
TEMP=C:\Users\FELIPE~1\AppData\Local\Temp



---------------  S Y S T E M  ---------------

OS:
 Windows 11 , 64 bit Build 22621 (10.0.22621.1105)
OS uptime: 2 days 2:47 hours

CPU: total 8 (initial active 8) (4 cores per cpu, 2 threads per core) family 6 model 165 stepping 2 microcode 0xe2, cx8, cmov, fxsr, ht, mmx, 3dnowpref, sse, sse2, sse3, ssse3, sse4.1, sse4.2, popcnt, lzcnt, tsc, tscinvbit, avx, avx2, aes, erms, clmul, bmi1, bmi2, adx, fma, vzeroupper, clflush, clflushopt, rdtscp

Memory: 4k page, system-wide physical 16252M (4802M free)
TotalPageFile size 18155M (AvailPageFile size 2M)
current process WorkingSet (physical memory assigned to process): 26M, peak: 26M
current process commit charge ("private bytes"): 333M, peak: 337M

vm_info: Java HotSpot(TM) 64-Bit Server VM (19.0.2+7-44) for windows-amd64 JRE (19.0.2+7-44), built on 2022-11-30T18:02:09Z by "mach5one" with MS VC++ 17.1 (VS2022)

END.
